<?xml version="1.0" encoding="UTF-8"?>
<!-- Generated by org.testng.reporters.JUnitReportReporter -->
<testsuite hostname="KRISHNA-PC" name="com.gmail.Verifygmaillogin" tests="1" failures="0" timestamp="14 Sep 2017 19:26:58 GMT" time="23.099" errors="0">
  <testcase name="Verifyvalidlogin" time="23.099" classname="com.gmail.Verifygmaillogin"/>
</testsuite> <!-- com.gmail.Verifygmaillogin -->
