<?xml version="1.0" encoding="UTF-8"?>
<!-- Generated by org.testng.reporters.JUnitReportReporter -->
<testsuite hostname="KRISHNA-PC" name="Selenium_Package.TestNG1.TestNGtestcase3" tests="1" failures="0" timestamp="13 Sep 2017 12:27:20 GMT" time="0.002" errors="0">
  <testcase name="Testcase3" time="0.002" classname="Selenium_Package.TestNG1.TestNGtestcase3"/>
</testsuite> <!-- Selenium_Package.TestNG1.TestNGtestcase3 -->
