<?xml version="1.0" encoding="UTF-8"?>
<!-- Generated by org.testng.reporters.JUnitReportReporter -->
<testsuite hostname="KRISHNA-PC" name="pom_sabi_Test.LoginPageTest" tests="1" failures="0" timestamp="21 Sep 2017 20:20:25 GMT" time="5.187" errors="0">
  <testcase name="TestLoginAppliation" time="5.187" classname="pom_sabi_Test.LoginPageTest"/>
</testsuite> <!-- pom_sabi_Test.LoginPageTest -->
