<?xml version="1.0" encoding="UTF-8"?>
<!-- Generated by org.testng.reporters.JUnitReportReporter -->
<testsuite hostname="KRISHNA-PC" name="testNGparameters.TestParameters" tests="2" failures="0" timestamp="21 Sep 2017 22:19:56 GMT" time="0.055" errors="0">
  <testcase name="testCaseOne" time="0.055" classname="testNGparameters.TestParameters"/>
  <testcase name="testCaseTwo" time="0.000" classname="testNGparameters.TestParameters"/>
</testsuite> <!-- testNGparameters.TestParameters -->
