<?xml version="1.0" encoding="UTF-8"?>
<!-- Generated by org.testng.reporters.JUnitReportReporter -->
<testsuite hostname="KRISHNA-PC" name="GitHubTest.GitHubTest.AppTest" tests="1" failures="0" timestamp="23 Sep 2017 20:47:06 GMT" time="14.254" errors="0">
  <testcase name="Home" time="14.254" classname="GitHubTest.GitHubTest.AppTest"/>
</testsuite> <!-- GitHubTest.GitHubTest.AppTest -->
